<?xml version="1.0" encoding="UTF-8" ?>
<testsuite failures="0" time="0.353" errors="0" skipped="0" tests="3" name="net.dahanne.gallery.jiwigo.converter.JiwigoConvertUtilsTest">
  <properties>
[...]
</properties>
  <testcase time="0.02" classname="net.dahanne.gallery.jiwigo.converter.JiwigoConvertUtilsTest" name="jiwigoCategoryToAlbum"/>
  <testcase time="0.003" classname="net.dahanne.gallery.jiwigo.converter.JiwigoConvertUtilsTest" name="jiwigoImageToPicture"/>
  <testcase time="0.027" classname="net.dahanne.gallery.jiwigo.converter.JiwigoConvertUtilsTest" name="categoriesToAlbum"/>
</testsuite>